# JRE version: Java(TM) SE Runtime Environment (8.0_111-b14) (build 1.8.0_111-b14)
# Java VM: Java HotSpot(TM) 64-Bit Server VM (25.111-b14 mixed mode linux-amd64 compressed oops)
Heap:
 def new generation   total 19136K, used 12913K [0x00000000f0600000, 0x00000000f1ac0000, 0x00000000f5950000)
  eden space 17024K,  63% used [0x00000000f0600000, 0x00000000f108c598, 0x00000000f16a0000)
  from space 2112K, 100% used [0x00000000f16a0000, 0x00000000f18b0000, 0x00000000f18b0000)
  to   space 2112K,   0% used [0x00000000f18b0000, 0x00000000f18b0000, 0x00000000f1ac0000)
 tenured generation   total 42388K, used 29099K [0x00000000f5950000, 0x00000000f82b5000, 0x0000000100000000)
   the space 42388K,  68% used [0x00000000f5950000, 0x00000000f75bae68, 0x00000000f75bb000, 0x00000000f82b5000)
 Metaspace       used 23011K, capacity 23614K, committed 23680K, reserved 1071104K
  class space    used 2723K, capacity 2921K, committed 2944K, reserved 1048576K
GC Heap History (10 events):
Event: 6.192 GC heap before
{Heap before GC invocations=43 (full 2):
 def new generation   total 10112K, used 9063K [0x00000000f0600000, 0x00000000f10f0000, 0x00000000f5950000)
  eden space 9024K,  99% used [0x00000000f0600000, 0x00000000f0ecfc88, 0x00000000f0ed0000)
  from space 1088K,   3% used [0x00000000f0fe0000, 0x00000000f0fe9fd8, 0x00000000f10f0000)
  to   space 1088K,   0% used [0x00000000f0ed0000, 0x00000000f0ed0000, 0x00000000f0fe0000)
 tenured generation   total 22360K, used 17575K [0x00000000f5950000, 0x00000000f6f26000, 0x0000000100000000)
   the space 22360K,  78% used [0x00000000f5950000, 0x00000000f6a79e80, 0x00000000f6a7a000, 0x00000000f6f26000)
 Metaspace       used 20644K, capacity 21140K, committed 21376K, reserved 1069056K
  class space    used 2506K, capacity 2660K, committed 2688K, reserved 1048576K
Event: 6.193 GC heap after
Heap after GC invocations=44 (full 2):
 def new generation   total 10112K, used 339K [0x00000000f0600000, 0x00000000f10f0000, 0x00000000f5950000)
  eden space 9024K,   0% used [0x00000000f0600000, 0x00000000f0600000, 0x00000000f0ed0000)
  from space 1088K,  31% used [0x00000000f0ed0000, 0x00000000f0f24cc0, 0x00000000f0fe0000)
  to   space 1088K,   0% used [0x00000000f0fe0000, 0x00000000f0fe0000, 0x00000000f10f0000)
 tenured generation   total 22360K, used 17575K [0x00000000f5950000, 0x00000000f6f26000, 0x0000000100000000)
   the space 22360K,  78% used [0x00000000f5950000, 0x00000000f6a79e80, 0x00000000f6a7a000, 0x00000000f6f26000)
 Metaspace       used 20644K, capacity 21140K, committed 21376K, reserved 1069056K
  class space    used 2506K, capacity 2660K, committed 2688K, reserved 1048576K
}
Event: 6.505 GC heap before
{Heap before GC invocations=44 (full 2):
 def new generation   total 10112K, used 9363K [0x00000000f0600000, 0x00000000f10f0000, 0x00000000f5950000)
  eden space 9024K, 100% used [0x00000000f0600000, 0x00000000f0ed0000, 0x00000000f0ed0000)
  from space 1088K,  31% used [0x00000000f0ed0000, 0x00000000f0f24cc0, 0x00000000f0fe0000)
  to   space 1088K,   0% used [0x00000000f0fe0000, 0x00000000f0fe0000, 0x00000000f10f0000)
 tenured generation   total 22360K, used 17575K [0x00000000f5950000, 0x00000000f6f26000, 0x0000000100000000)
   the space 22360K,  78% used [0x00000000f5950000, 0x00000000f6a79e80, 0x00000000f6a7a000, 0x00000000f6f26000)
 Metaspace       used 21071K, capacity 21556K, committed 21760K, reserved 1069056K
  class space    used 2542K, capacity 2692K, committed 2816K, reserved 1048576K
Event: 6.520 GC heap after
Heap after GC invocations=45 (full 2):
 def new generation   total 10112K, used 1088K [0x00000000f0600000, 0x00000000f10f0000, 0x00000000f5950000)
  eden space 9024K,   0% used [0x00000000f0600000, 0x00000000f0600000, 0x00000000f0ed0000)
  from space 1088K, 100% used [0x00000000f0fe0000, 0x00000000f10f0000, 0x00000000f10f0000)
  to   space 1088K,   0% used [0x00000000f0ed0000, 0x00000000f0ed0000, 0x00000000f0fe0000)
 tenured generation   total 22360K, used 21063K [0x00000000f5950000, 0x00000000f6f26000, 0x0000000100000000)
   the space 22360K,  94% used [0x00000000f5950000, 0x00000000f6de1da8, 0x00000000f6de1e00, 0x00000000f6f26000)
 Metaspace       used 21071K, capacity 21556K, committed 21760K, reserved 1069056K
  class space    used 2542K, capacity 2692K, committed 2816K, reserved 1048576K
}
Event: 6.637 GC heap before
{Heap before GC invocations=45 (full 2):
 def new generation   total 10112K, used 10112K [0x00000000f0600000, 0x00000000f10f0000, 0x00000000f5950000)
  eden space 9024K, 100% used [0x00000000f0600000, 0x00000000f0ed0000, 0x00000000f0ed0000)
  from space 1088K, 100% used [0x00000000f0fe0000, 0x00000000f10f0000, 0x00000000f10f0000)
  to   space 1088K,   0% used [0x00000000f0ed0000, 0x00000000f0ed0000, 0x00000000f0fe0000)
 tenured generation   total 22360K, used 21063K [0x00000000f5950000, 0x00000000f6f26000, 0x0000000100000000)
   the space 22360K,  94% used [0x00000000f5950000, 0x00000000f6de1da8, 0x00000000f6de1e00, 0x00000000f6f26000)
 Metaspace       used 21093K, capacity 21620K, committed 21760K, reserved 1069056K
  class space    used 2545K, capacity 2692K, committed 2816K, reserved 1048576K
Event: 6.827 GC heap after
Heap after GC invocations=46 (full 3):
 def new generation   total 19136K, used 629K [0x00000000f0600000, 0x00000000f1ac0000, 0x00000000f5950000)
  eden space 17024K,   3% used [0x00000000f0600000, 0x00000000f069d548, 0x00000000f16a0000)
  from space 2112K,   0% used [0x00000000f16a0000, 0x00000000f16a0000, 0x00000000f18b0000)
  to   space 2112K,   0% used [0x00000000f18b0000, 0x00000000f18b0000, 0x00000000f1ac0000)
 tenured generation   total 42388K, used 25432K [0x00000000f5950000, 0x00000000f82b5000, 0x0000000100000000)
   the space 42388K,  59% used [0x00000000f5950000, 0x00000000f7226000, 0x00000000f7226000, 0x00000000f82b5000)
 Metaspace       used 21093K, capacity 21620K, committed 21760K, reserved 1069056K
  class space    used 2545K, capacity 2692K, committed 2816K, reserved 1048576K
}
Event: 7.221 GC heap before
{Heap before GC invocations=46 (full 3):
 def new generation   total 19136K, used 17024K [0x00000000f0600000, 0x00000000f1ac0000, 0x00000000f5950000)
  eden space 17024K, 100% used [0x00000000f0600000, 0x00000000f16a0000, 0x00000000f16a0000)
  from space 2112K,   0% used [0x00000000f16a0000, 0x00000000f16a0000, 0x00000000f18b0000)
  to   space 2112K,   0% used [0x00000000f18b0000, 0x00000000f18b0000, 0x00000000f1ac0000)
 tenured generation   total 42388K, used 25432K [0x00000000f5950000, 0x00000000f82b5000, 0x0000000100000000)
   the space 42388K,  59% used [0x00000000f5950000, 0x00000000f7226000, 0x00000000f7226000, 0x00000000f82b5000)
 Metaspace       used 21776K, capacity 22310K, committed 22528K, reserved 1069056K
  class space    used 2592K, capacity 2726K, committed 2816K, reserved 1048576K
Event: 7.275 GC heap after
Heap after GC invocations=47 (full 3):
 def new generation   total 19136K, used 2112K [0x00000000f0600000, 0x00000000f1ac0000, 0x00000000f5950000)
  eden space 17024K,   0% used [0x00000000f0600000, 0x00000000f0600000, 0x00000000f16a0000)
  from space 2112K, 100% used [0x00000000f18b0000, 0x00000000f1ac0000, 0x00000000f1ac0000)
  to   space 2112K,   0% used [0x00000000f16a0000, 0x00000000f16a0000, 0x00000000f18b0000)
 tenured generation   total 42388K, used 26297K [0x00000000f5950000, 0x00000000f82b5000, 0x0000000100000000)
   the space 42388K,  62% used [0x00000000f5950000, 0x00000000f72fe748, 0x00000000f72fe800, 0x00000000f82b5000)
 Metaspace       used 21776K, capacity 22310K, committed 22528K, reserved 1069056K
  class space    used 2592K, capacity 2726K, committed 2816K, reserved 1048576K
}
Event: 7.940 GC heap before
{Heap before GC invocations=47 (full 3):
 def new generation   total 19136K, used 19136K [0x00000000f0600000, 0x00000000f1ac0000, 0x00000000f5950000)
  eden space 17024K, 100% used [0x00000000f0600000, 0x00000000f16a0000, 0x00000000f16a0000)
  from space 2112K, 100% used [0x00000000f18b0000, 0x00000000f1ac0000, 0x00000000f1ac0000)
  to   space 2112K,   0% used [0x00000000f16a0000, 0x00000000f16a0000, 0x00000000f18b0000)
 tenured generation   total 42388K, used 26297K [0x00000000f5950000, 0x00000000f82b5000, 0x0000000100000000)
   the space 42388K,  62% used [0x00000000f5950000, 0x00000000f72fe748, 0x00000000f72fe800, 0x00000000f82b5000)
 Metaspace       used 22636K, capacity 23142K, committed 23424K, reserved 1069056K
  class space    used 2693K, capacity 2854K, committed 2944K, reserved 1048576K
Event: 7.957 GC heap after
Heap after GC invocations=48 (full 3):
 def new generation   total 19136K, used 2112K [0x00000000f0600000, 0x00000000f1ac0000, 0x00000000f5950000)
  eden space 17024K,   0% used [0x00000000f0600000, 0x00000000f0600000, 0x00000000f16a0000)
  from space 2112K, 100% used [0x00000000f16a0000, 0x00000000f18b0000, 0x00000000f18b0000)
  to   space 2112K,   0% used [0x00000000f18b0000, 0x00000000f18b0000, 0x00000000f1ac0000)
 tenured generation   total 42388K, used 29099K [0x00000000f5950000, 0x00000000f82b5000, 0x0000000100000000)
   the space 42388K,  68% used [0x00000000f5950000, 0x00000000f75bae68, 0x00000000f75bb000, 0x00000000f82b5000)
 Metaspace       used 22636K, capacity 23142K, committed 23424K, reserved 1069056K
  class space    used 2693K, capacity 2854K, committed 2944K, reserved 1048576K
}

