# JRE version: Java(TM) SE Runtime Environment (8.0_111-b14) (build 1.8.0_111-b14)
# Java VM: Java HotSpot(TM) 64-Bit Server VM (25.111-b14 mixed mode linux-amd64 compressed oops)
Heap:
 def new generation   total 10048K, used 537K [0x00000000f0600000, 0x00000000f10e0000, 0x00000000f5950000)
  eden space 8960K,   5% used [0x00000000f0600000, 0x00000000f0686438, 0x00000000f0ec0000)
  from space 1088K,   0% used [0x00000000f0ec0000, 0x00000000f0ec0000, 0x00000000f0fd0000)
  to   space 1088K,   0% used [0x00000000f0fd0000, 0x00000000f0fd0000, 0x00000000f10e0000)
 tenured generation   total 24892K, used 24891K [0x00000000f5950000, 0x00000000f719f000, 0x0000000100000000)
   the space 24892K,  99% used [0x00000000f5950000, 0x00000000f719efd8, 0x00000000f719f000, 0x00000000f719f000)
 Metaspace       used 21075K, capacity 21504K, committed 21760K, reserved 1069056K
  class space    used 2543K, capacity 2694K, committed 2816K, reserved 1048576K
GC Heap History (10 events):
Event: 5.785 GC heap after
Heap after GC invocations=41 (full 2):
 def new generation   total 10048K, used 989K [0x00000000f0600000, 0x00000000f10e0000, 0x00000000f5950000)
  eden space 8960K,   0% used [0x00000000f0600000, 0x00000000f0600000, 0x00000000f0ec0000)
  from space 1088K,  90% used [0x00000000f0fd0000, 0x00000000f10c7428, 0x00000000f10e0000)
  to   space 1088K,   0% used [0x00000000f0ec0000, 0x00000000f0ec0000, 0x00000000f0fd0000)
 tenured generation   total 22204K, used 15830K [0x00000000f5950000, 0x00000000f6eff000, 0x0000000100000000)
   the space 22204K,  71% used [0x00000000f5950000, 0x00000000f68c5a80, 0x00000000f68c5c00, 0x00000000f6eff000)
 Metaspace       used 19233K, capacity 19744K, committed 19968K, reserved 1067008K
  class space    used 2318K, capacity 2470K, committed 2560K, reserved 1048576K
}
Event: 6.063 GC heap before
{Heap before GC invocations=41 (full 2):
 def new generation   total 10048K, used 9946K [0x00000000f0600000, 0x00000000f10e0000, 0x00000000f5950000)
  eden space 8960K,  99% used [0x00000000f0600000, 0x00000000f0ebf528, 0x00000000f0ec0000)
  from space 1088K,  90% used [0x00000000f0fd0000, 0x00000000f10c7428, 0x00000000f10e0000)
  to   space 1088K,   0% used [0x00000000f0ec0000, 0x00000000f0ec0000, 0x00000000f0fd0000)
 tenured generation   total 22204K, used 15830K [0x00000000f5950000, 0x00000000f6eff000, 0x0000000100000000)
   the space 22204K,  71% used [0x00000000f5950000, 0x00000000f68c5a80, 0x00000000f68c5c00, 0x00000000f6eff000)
 Metaspace       used 20652K, capacity 21088K, committed 21376K, reserved 1069056K
  class space    used 2507K, capacity 2662K, committed 2688K, reserved 1048576K
Event: 6.070 GC heap after
Heap after GC invocations=42 (full 2):
 def new generation   total 10048K, used 878K [0x00000000f0600000, 0x00000000f10e0000, 0x00000000f5950000)
  eden space 8960K,   0% used [0x00000000f0600000, 0x00000000f0600000, 0x00000000f0ec0000)
  from space 1088K,  80% used [0x00000000f0ec0000, 0x00000000f0f9b910, 0x00000000f0fd0000)
  to   space 1088K,   0% used [0x00000000f0fd0000, 0x00000000f0fd0000, 0x00000000f10e0000)
 tenured generation   total 22204K, used 16623K [0x00000000f5950000, 0x00000000f6eff000, 0x0000000100000000)
   the space 22204K,  74% used [0x00000000f5950000, 0x00000000f698bee8, 0x00000000f698c000, 0x00000000f6eff000)
 Metaspace       used 20652K, capacity 21088K, committed 21376K, reserved 1069056K
  class space    used 2507K, capacity 2662K, committed 2688K, reserved 1048576K
}
Event: 6.077 GC heap before
{Heap before GC invocations=42 (full 2):
 def new generation   total 10048K, used 9821K [0x00000000f0600000, 0x00000000f10e0000, 0x00000000f5950000)
  eden space 8960K,  99% used [0x00000000f0600000, 0x00000000f0ebbe08, 0x00000000f0ec0000)
  from space 1088K,  80% used [0x00000000f0ec0000, 0x00000000f0f9b910, 0x00000000f0fd0000)
  to   space 1088K,   0% used [0x00000000f0fd0000, 0x00000000f0fd0000, 0x00000000f10e0000)
 tenured generation   total 22204K, used 16623K [0x00000000f5950000, 0x00000000f6eff000, 0x0000000100000000)
   the space 22204K,  74% used [0x00000000f5950000, 0x00000000f698bee8, 0x00000000f698c000, 0x00000000f6eff000)
 Metaspace       used 20652K, capacity 21088K, committed 21376K, reserved 1069056K
  class space    used 2507K, capacity 2662K, committed 2688K, reserved 1048576K
Event: 6.079 GC heap after
Heap after GC invocations=43 (full 2):
 def new generation   total 10048K, used 39K [0x00000000f0600000, 0x00000000f10e0000, 0x00000000f5950000)
  eden space 8960K,   0% used [0x00000000f0600000, 0x00000000f0600000, 0x00000000f0ec0000)
  from space 1088K,   3% used [0x00000000f0fd0000, 0x00000000f0fd9ce0, 0x00000000f10e0000)
  to   space 1088K,   0% used [0x00000000f0ec0000, 0x00000000f0ec0000, 0x00000000f0fd0000)
 tenured generation   total 22204K, used 17483K [0x00000000f5950000, 0x00000000f6eff000, 0x0000000100000000)
   the space 22204K,  78% used [0x00000000f5950000, 0x00000000f6a62e60, 0x00000000f6a63000, 0x00000000f6eff000)
 Metaspace       used 20652K, capacity 21088K, committed 21376K, reserved 1069056K
  class space    used 2507K, capacity 2662K, committed 2688K, reserved 1048576K
}
Event: 6.111 GC heap before
{Heap before GC invocations=43 (full 2):
 def new generation   total 10048K, used 8999K [0x00000000f0600000, 0x00000000f10e0000, 0x00000000f5950000)
  eden space 8960K, 100% used [0x00000000f0600000, 0x00000000f0ec0000, 0x00000000f0ec0000)
  from space 1088K,   3% used [0x00000000f0fd0000, 0x00000000f0fd9ce0, 0x00000000f10e0000)
  to   space 1088K,   0% used [0x00000000f0ec0000, 0x00000000f0ec0000, 0x00000000f0fd0000)
 tenured generation   total 22204K, used 17483K [0x00000000f5950000, 0x00000000f6eff000, 0x0000000100000000)
   the space 22204K,  78% used [0x00000000f5950000, 0x00000000f6a62e60, 0x00000000f6a63000, 0x00000000f6eff000)
 Metaspace       used 20653K, capacity 21152K, committed 21376K, reserved 1069056K
  class space    used 2507K, capacity 2662K, committed 2688K, reserved 1048576K
Event: 6.113 GC heap after
Heap after GC invocations=44 (full 2):
 def new generation   total 10048K, used 324K [0x00000000f0600000, 0x00000000f10e0000, 0x00000000f5950000)
  eden space 8960K,   0% used [0x00000000f0600000, 0x00000000f0600000, 0x00000000f0ec0000)
  from space 1088K,  29% used [0x00000000f0ec0000, 0x00000000f0f110f8, 0x00000000f0fd0000)
  to   space 1088K,   0% used [0x00000000f0fd0000, 0x00000000f0fd0000, 0x00000000f10e0000)
 tenured generation   total 22204K, used 17483K [0x00000000f5950000, 0x00000000f6eff000, 0x0000000100000000)
   the space 22204K,  78% used [0x00000000f5950000, 0x00000000f6a62e60, 0x00000000f6a63000, 0x00000000f6eff000)
 Metaspace       used 20653K, capacity 21152K, committed 21376K, reserved 1069056K
  class space    used 2507K, capacity 2662K, committed 2688K, reserved 1048576K
}
Event: 6.419 GC heap before
{Heap before GC invocations=44 (full 2):
 def new generation   total 10048K, used 8716K [0x00000000f0600000, 0x00000000f10e0000, 0x00000000f5950000)
  eden space 8960K,  93% used [0x00000000f0600000, 0x00000000f0e32048, 0x00000000f0ec0000)
  from space 1088K,  29% used [0x00000000f0ec0000, 0x00000000f0f110f8, 0x00000000f0fd0000)
  to   space 1088K,   0% used [0x00000000f0fd0000, 0x00000000f0fd0000, 0x00000000f10e0000)
 tenured generation   total 22204K, used 17483K [0x00000000f5950000, 0x00000000f6eff000, 0x0000000100000000)
   the space 22204K,  78% used [0x00000000f5950000, 0x00000000f6a62e60, 0x00000000f6a63000, 0x00000000f6eff000)
 Metaspace       used 21075K, capacity 21504K, committed 21760K, reserved 1069056K
  class space    used 2543K, capacity 2694K, committed 2816K, reserved 1048576K
Event: 6.436 GC heap after
Heap after GC invocations=45 (full 2):
 def new generation   total 10048K, used 1088K [0x00000000f0600000, 0x00000000f10e0000, 0x00000000f5950000)
  eden space 8960K,   0% used [0x00000000f0600000, 0x00000000f0600000, 0x00000000f0ec0000)
  from space 1088K, 100% used [0x00000000f0fd0000, 0x00000000f10e0000, 0x00000000f10e0000)
  to   space 1088K,   0% used [0x00000000f0ec0000, 0x00000000f0ec0000, 0x00000000f0fd0000)
 tenured generation   total 22204K, used 19837K [0x00000000f5950000, 0x00000000f6eff000, 0x0000000100000000)
   the space 22204K,  89% used [0x00000000f5950000, 0x00000000f6caf6a8, 0x00000000f6caf800, 0x00000000f6eff000)
 Metaspace       used 21075K, capacity 21504K, committed 21760K, reserved 1069056K
  class space    used 2543K, capacity 2694K, committed 2816K, reserved 1048576K
}
Event: 6.541 GC heap before
{Heap before GC invocations=45 (full 2):
 def new generation   total 10048K, used 10048K [0x00000000f0600000, 0x00000000f10e0000, 0x00000000f5950000)
  eden space 8960K, 100% used [0x00000000f0600000, 0x00000000f0ec0000, 0x00000000f0ec0000)
  from space 1088K, 100% used [0x00000000f0fd0000, 0x00000000f10e0000, 0x00000000f10e0000)
  to   space 1088K,   0% used [0x00000000f0ec0000, 0x00000000f0ec0000, 0x00000000f0fd0000)
 tenured generation   total 22204K, used 19837K [0x00000000f5950000, 0x00000000f6eff000, 0x0000000100000000)
   the space 22204K,  89% used [0x00000000f5950000, 0x00000000f6caf6a8, 0x00000000f6caf800, 0x00000000f6eff000)
 Metaspace       used 21075K, capacity 21504K, committed 21760K, reserved 1069056K
  class space    used 2543K, capacity 2694K, committed 2816K, reserved 1048576K

